
--------------------------------------------------
TXLib сообщает:

Программа: C:\Users\Игорь\Downloads\Game-on-C-main(1)\Game-on-C-main\Pixels and Guns\main.exe, файл: C:\Libs\TxLib\TX\TXLib.h, строка: 13678, функция: bool {anonymous}::TX::txTransparentBlt(HDC, double, double, double, double, HDC, double, double, COLORREF),

Сообщение: Прямоугольник копируемой области {402, 0, 469, 72} не полностью лежит внутри изображения-источника {0, 0, 461, 72}, функция txTransparentBlt() работать не будет.

#1: TXLib [Ver: 00173a, Rev: 171, Date: 2022-07-23 02:08:28 +0400], Instance: 0x005042FC (32-bit), Flags: CMdRe0, Thread: 0x540 (Main), GetLastError(): 13 (Недопустимые данные). 
From: C:\Libs\TxLib\TX\TXLib.h (13677) bool {anonymous}::TX::txTransparentBlt(HDC, double, double, double, double, HDC, double, double, COLORREF).

--------------------------------------------------
Стек вызовов:

# 0 0x004228EC in C:\Users\Игорь\Downloads\Game-on-C-main(1)\Game-on-C-main\Pixels and Guns\main.exe: txTransparentBlt() at C:/Libs/TxLib/TX/TXLib.h (13678)

# 1 0x0042C0D0 in C:\Users\Игорь\Downloads\Game-on-C-main(1)\Game-on-C-main\Pixels and Guns\main.exe: main() at C:/Users/Игорь/Downloads/Game-on-C-main(1)/Game-on-C-main/Pixels and Guns/main.cpp (54):

     52:             {
     53:                     xGG += 10;
=>   54:                     txTransparentBlt (txDC(), xGG, yGG, 67, 72, GG_Run_Right, Run_GG*67, 0, TX_WHITE);
     55:                         Run_GG += 1;
     56:                         txSleep(40);

--------------------------------------------------
Стек вызовов TX:

# 0 in bool {anonymous}::TX::txTransparentBlt(HDC, double, double, double, double, HDC, double, double, COLORREF) at C:\Libs\TxLib\TX\TXLib.h (13677):

  13675:         {
  13676: $       SetLastError (ERROR_INVALID_DATA);
=>13677: $       TX_ERROR ("Прямоугольник копируемой области {%g, %g, %g, %g} не полностью лежит внутри изображения-источника {%d, %d, %d, %d}, "
  13678:                   "функция txTransparentBlt() работать не будет.", xSource, ySource, xSource + width, ySource + height, 0, 0, (int) size.x, (int) size.y);
  13679:         }

# 1 in int main() at C:\Users\Игорь\Downloads\Game-on-C-main(1)\Game-on-C-main\Pixels and Guns\main.cpp (54):

     52:             {
     53:                     xGG += 10;
=>   54:                     txTransparentBlt (txDC(), xGG, yGG, 67, 72, GG_Run_Right, Run_GG*67, 0, TX_WHITE);
     55:                         Run_GG += 1;
     56:                         txSleep(40);

--------------------------------------------------
Developed with:

The Dumb Artist Library (TX Library)
TXLib [Ver: 00173a, Rev: 171, Date: 2022-07-23 02:08:28 +0400]
Copyright (C) Ded (Ilya Dedinsky, http://txlib.ru) <mail@txlib.ru>
See license on: http://txlib.ru

TXLib file:	C:\Libs\TxLib\TX\TXLib.h
Compiled:	Feb  6 2023 16:43:04, GNU g++ 4.8.1, std=201103L, MinGW Runtime 3.20, 32-bit, DEBUG
Started:	Feb 06 2023 16:43:08

Run file:	C:\Users\Игорь\Downloads\Game-on-C-main(1)\Game-on-C-main\Pixels and Guns\main.exe
Directory:	C:\Users\Игорь\Downloads\Game-on-C-main(1)\Game-on-C-main\Pixels and Guns

--------------------------------------------------

--------------------------------------------------
TXLib сообщает:

Программа: C:\Users\Игорь\Downloads\Game-on-C-main(1)\Game-on-C-main\Pixels and Guns\main.exe, файл: C:\Libs\TxLib\TX\TXLib.h, строка: 13678, функция: bool {anonymous}::TX::txTransparentBlt(HDC, double, double, double, double, HDC, double, double, COLORREF),

Сообщение: Прямоугольник копируемой области {402, 0, 469, 72} не полностью лежит внутри изображения-источника {0, 0, 461, 72}, функция txTransparentBlt() работать не будет.

#1: TXLib [Ver: 00173a, Rev: 171, Date: 2022-07-23 02:08:28 +0400], Instance: 0x005042FC (32-bit), Flags: CMdRe0, Thread: 0x1F44 (Main), GetLastError(): 13 (Недопустимые данные). 
From: C:\Libs\TxLib\TX\TXLib.h (13677) bool {anonymous}::TX::txTransparentBlt(HDC, double, double, double, double, HDC, double, double, COLORREF).

--------------------------------------------------
Стек вызовов:

# 0 0x004228EC in C:\Users\Игорь\Downloads\Game-on-C-main(1)\Game-on-C-main\Pixels and Guns\main.exe: txTransparentBlt() at C:/Libs/TxLib/TX/TXLib.h (13678)

# 1 0x0042C0D0 in C:\Users\Игорь\Downloads\Game-on-C-main(1)\Game-on-C-main\Pixels and Guns\main.exe: main() at C:/Users/Игорь/Downloads/Game-on-C-main(1)/Game-on-C-main/Pixels and Guns/main.cpp (54):

     52:             {
     53:                     xGG += 10;
=>   54:                     txTransparentBlt (txDC(), xGG, yGG, 67, 72, GG_Run_Right, Run_GG*67, 0, TX_WHITE);
     55:                         Run_GG += 1;
     56:                         txSleep(40);

--------------------------------------------------
Стек вызовов TX:

# 0 in bool {anonymous}::TX::txTransparentBlt(HDC, double, double, double, double, HDC, double, double, COLORREF) at C:\Libs\TxLib\TX\TXLib.h (13677):

  13675:         {
  13676: $       SetLastError (ERROR_INVALID_DATA);
=>13677: $       TX_ERROR ("Прямоугольник копируемой области {%g, %g, %g, %g} не полностью лежит внутри изображения-источника {%d, %d, %d, %d}, "
  13678:                   "функция txTransparentBlt() работать не будет.", xSource, ySource, xSource + width, ySource + height, 0, 0, (int) size.x, (int) size.y);
  13679:         }

# 1 in int main() at C:\Users\Игорь\Downloads\Game-on-C-main(1)\Game-on-C-main\Pixels and Guns\main.cpp (54):

     52:             {
     53:                     xGG += 10;
=>   54:                     txTransparentBlt (txDC(), xGG, yGG, 67, 72, GG_Run_Right, Run_GG*67, 0, TX_WHITE);
     55:                         Run_GG += 1;
     56:                         txSleep(40);

--------------------------------------------------
Developed with:

The Dumb Artist Library (TX Library)
TXLib [Ver: 00173a, Rev: 171, Date: 2022-07-23 02:08:28 +0400]
Copyright (C) Ded (Ilya Dedinsky, http://txlib.ru) <mail@txlib.ru>
See license on: http://txlib.ru

TXLib file:	C:\Libs\TxLib\TX\TXLib.h
Compiled:	Feb  6 2023 16:43:31, GNU g++ 4.8.1, std=201103L, MinGW Runtime 3.20, 32-bit, DEBUG
Started:	Feb 06 2023 16:43:37

Run file:	C:\Users\Игорь\Downloads\Game-on-C-main(1)\Game-on-C-main\Pixels and Guns\main.exe
Directory:	C:\Users\Игорь\Downloads\Game-on-C-main(1)\Game-on-C-main\Pixels and Guns

--------------------------------------------------

--------------------------------------------------
TXLib сообщает:

Программа: C:\Users\Игорь\Downloads\Game-on-C-main(1)\Game-on-C-main\Pixels and Guns\main.exe, файл: C:\Libs\TxLib\TX\TXLib.h, строка: 13678, функция: bool {anonymous}::TX::txTransparentBlt(HDC, double, double, double, double, HDC, double, double, COLORREF),

Сообщение: Прямоугольник копируемой области {402, 0, 469, 72} не полностью лежит внутри изображения-источника {0, 0, 461, 72}, функция txTransparentBlt() работать не будет.

#1: TXLib [Ver: 00173a, Rev: 171, Date: 2022-07-23 02:08:28 +0400], Instance: 0x005042FC (32-bit), Flags: CMdRe0, Thread: 0x1204 (Main), GetLastError(): 13 (Недопустимые данные). 
From: C:\Libs\TxLib\TX\TXLib.h (13677) bool {anonymous}::TX::txTransparentBlt(HDC, double, double, double, double, HDC, double, double, COLORREF).

--------------------------------------------------
Стек вызовов:

# 0 0x004228EC in C:\Users\Игорь\Downloads\Game-on-C-main(1)\Game-on-C-main\Pixels and Guns\main.exe: txTransparentBlt() at C:/Libs/TxLib/TX/TXLib.h (13678)

# 1 0x0042C0D0 in C:\Users\Игорь\Downloads\Game-on-C-main(1)\Game-on-C-main\Pixels and Guns\main.exe: main() at C:/Users/Игорь/Downloads/Game-on-C-main(1)/Game-on-C-main/Pixels and Guns/main.cpp (54):

     52:             {
     53:                     xGG += 10;
=>   54:                     txTransparentBlt (txDC(), xGG, yGG, 67, 72, GG_Run_Right, Run_GG*67, 0, TX_WHITE);
     55:                         Run_GG += 1;
     56:                         txSleep(40);

--------------------------------------------------
Стек вызовов TX:

# 0 in bool {anonymous}::TX::txTransparentBlt(HDC, double, double, double, double, HDC, double, double, COLORREF) at C:\Libs\TxLib\TX\TXLib.h (13677):

  13675:         {
  13676: $       SetLastError (ERROR_INVALID_DATA);
=>13677: $       TX_ERROR ("Прямоугольник копируемой области {%g, %g, %g, %g} не полностью лежит внутри изображения-источника {%d, %d, %d, %d}, "
  13678:                   "функция txTransparentBlt() работать не будет.", xSource, ySource, xSource + width, ySource + height, 0, 0, (int) size.x, (int) size.y);
  13679:         }

# 1 in int main() at C:\Users\Игорь\Downloads\Game-on-C-main(1)\Game-on-C-main\Pixels and Guns\main.cpp (54):

     52:             {
     53:                     xGG += 10;
=>   54:                     txTransparentBlt (txDC(), xGG, yGG, 67, 72, GG_Run_Right, Run_GG*67, 0, TX_WHITE);
     55:                         Run_GG += 1;
     56:                         txSleep(40);

--------------------------------------------------
Developed with:

The Dumb Artist Library (TX Library)
TXLib [Ver: 00173a, Rev: 171, Date: 2022-07-23 02:08:28 +0400]
Copyright (C) Ded (Ilya Dedinsky, http://txlib.ru) <mail@txlib.ru>
See license on: http://txlib.ru

TXLib file:	C:\Libs\TxLib\TX\TXLib.h
Compiled:	Feb  6 2023 16:50:13, GNU g++ 4.8.1, std=201103L, MinGW Runtime 3.20, 32-bit, DEBUG
Started:	Feb 06 2023 16:50:18

Run file:	C:\Users\Игорь\Downloads\Game-on-C-main(1)\Game-on-C-main\Pixels and Guns\main.exe
Directory:	C:\Users\Игорь\Downloads\Game-on-C-main(1)\Game-on-C-main\Pixels and Guns

--------------------------------------------------

--------------------------------------------------
TXLib сообщает:

Программа: C:\Users\Игорь\Downloads\Game-on-C-main(1)\Game-on-C-main\Pixels and Guns\main.exe, файл: C:\Libs\TxLib\TX\TXLib.h, строка: 13678, функция: bool {anonymous}::TX::txTransparentBlt(HDC, double, double, double, double, HDC, double, double, COLORREF),

Сообщение: Прямоугольник копируемой области {402, 0, 469, 72} не полностью лежит внутри изображения-источника {0, 0, 418, 72}, функция txTransparentBlt() работать не будет.

#1: TXLib [Ver: 00173a, Rev: 171, Date: 2022-07-23 02:08:28 +0400], Instance: 0x005042FC (32-bit), Flags: CMdRe0, Thread: 0x2640 (Main), GetLastError(): 13 (Недопустимые данные). 
From: C:\Libs\TxLib\TX\TXLib.h (13677) bool {anonymous}::TX::txTransparentBlt(HDC, double, double, double, double, HDC, double, double, COLORREF).

--------------------------------------------------
Стек вызовов:

# 0 0x004228EC in C:\Users\Игорь\Downloads\Game-on-C-main(1)\Game-on-C-main\Pixels and Guns\main.exe: txTransparentBlt() at C:/Libs/TxLib/TX/TXLib.h (13678)

# 1 0x0042C0D9 in C:\Users\Игорь\Downloads\Game-on-C-main(1)\Game-on-C-main\Pixels and Guns\main.exe: main() at C:/Users/Игорь/Downloads/Game-on-C-main(1)/Game-on-C-main/Pixels and Guns/main.cpp (54):

     52:             {
     53:                     xGG += 10;
=>   54:                     txTransparentBlt (txDC(), xGG, yGG, 67, 72, GG_Run_Right, Run_GG*67, 0, TX_WHITE);
     55:                         Run_GG += 1;
     56:                         txSleep(40);

--------------------------------------------------
Стек вызовов TX:

# 0 in bool {anonymous}::TX::txTransparentBlt(HDC, double, double, double, double, HDC, double, double, COLORREF) at C:\Libs\TxLib\TX\TXLib.h (13677):

  13675:         {
  13676: $       SetLastError (ERROR_INVALID_DATA);
=>13677: $       TX_ERROR ("Прямоугольник копируемой области {%g, %g, %g, %g} не полностью лежит внутри изображения-источника {%d, %d, %d, %d}, "
  13678:                   "функция txTransparentBlt() работать не будет.", xSource, ySource, xSource + width, ySource + height, 0, 0, (int) size.x, (int) size.y);
  13679:         }

# 1 in int main() at C:\Users\Игорь\Downloads\Game-on-C-main(1)\Game-on-C-main\Pixels and Guns\main.cpp (54):

     52:             {
     53:                     xGG += 10;
=>   54:                     txTransparentBlt (txDC(), xGG, yGG, 67, 72, GG_Run_Right, Run_GG*67, 0, TX_WHITE);
     55:                         Run_GG += 1;
     56:                         txSleep(40);

--------------------------------------------------
Developed with:

The Dumb Artist Library (TX Library)
TXLib [Ver: 00173a, Rev: 171, Date: 2022-07-23 02:08:28 +0400]
Copyright (C) Ded (Ilya Dedinsky, http://txlib.ru) <mail@txlib.ru>
See license on: http://txlib.ru

TXLib file:	C:\Libs\TxLib\TX\TXLib.h
Compiled:	Feb  6 2023 16:56:35, GNU g++ 4.8.1, std=201103L, MinGW Runtime 3.20, 32-bit, DEBUG
Started:	Feb 06 2023 16:56:40

Run file:	C:\Users\Игорь\Downloads\Game-on-C-main(1)\Game-on-C-main\Pixels and Guns\main.exe
Directory:	C:\Users\Игорь\Downloads\Game-on-C-main(1)\Game-on-C-main\Pixels and Guns

--------------------------------------------------

--------------------------------------------------
TXLib сообщает:

Программа: C:\Users\Игорь\Downloads\Game-on-C-main(1)\Game-on-C-main\Pixels and Guns\main.exe, файл: C:\Libs\TxLib\TX\TXLib.h, строка: 13678, функция: bool {anonymous}::TX::txTransparentBlt(HDC, double, double, double, double, HDC, double, double, COLORREF),

Сообщение: Прямоугольник копируемой области {490, 0, 560, 72} не полностью лежит внутри изображения-источника {0, 0, 490, 72}, функция txTransparentBlt() работать не будет.

#1: TXLib [Ver: 00173a, Rev: 171, Date: 2022-07-23 02:08:28 +0400], Instance: 0x005042FC (32-bit), Flags: CMdRe0, Thread: 0x2CBC (Main), GetLastError(): 13 (Недопустимые данные). 
From: C:\Libs\TxLib\TX\TXLib.h (13677) bool {anonymous}::TX::txTransparentBlt(HDC, double, double, double, double, HDC, double, double, COLORREF).

--------------------------------------------------
Стек вызовов:

# 0 0x004228EC in C:\Users\Игорь\Downloads\Game-on-C-main(1)\Game-on-C-main\Pixels and Guns\main.exe: txTransparentBlt() at C:/Libs/TxLib/TX/TXLib.h (13678)

# 1 0x0042BED4 in C:\Users\Игорь\Downloads\Game-on-C-main(1)\Game-on-C-main\Pixels and Guns\main.exe: main() at C:/Users/Игорь/Downloads/Game-on-C-main(1)/Game-on-C-main/Pixels and Guns/main.cpp (36):

     34:             {
     35:                    yGG += 10;
=>   36:                     txTransparentBlt (txDC(), xGG, yGG, 70, 72, GG_Run_Right, Run_GG*70, 0, TX_WHITE);
     37:                         Run_GG += 1;
     38:                         txSleep(40);

--------------------------------------------------
Стек вызовов TX:

# 0 in bool {anonymous}::TX::txTransparentBlt(HDC, double, double, double, double, HDC, double, double, COLORREF) at C:\Libs\TxLib\TX\TXLib.h (13677):

  13675:         {
  13676: $       SetLastError (ERROR_INVALID_DATA);
=>13677: $       TX_ERROR ("Прямоугольник копируемой области {%g, %g, %g, %g} не полностью лежит внутри изображения-источника {%d, %d, %d, %d}, "
  13678:                   "функция txTransparentBlt() работать не будет.", xSource, ySource, xSource + width, ySource + height, 0, 0, (int) size.x, (int) size.y);
  13679:         }

# 1 in int main() at C:\Users\Игорь\Downloads\Game-on-C-main(1)\Game-on-C-main\Pixels and Guns\main.cpp (36):

     34:             {
     35:                    yGG += 10;
=>   36:                     txTransparentBlt (txDC(), xGG, yGG, 70, 72, GG_Run_Right, Run_GG*70, 0, TX_WHITE);
     37:                         Run_GG += 1;
     38:                         txSleep(40);

--------------------------------------------------
Developed with:

The Dumb Artist Library (TX Library)
TXLib [Ver: 00173a, Rev: 171, Date: 2022-07-23 02:08:28 +0400]
Copyright (C) Ded (Ilya Dedinsky, http://txlib.ru) <mail@txlib.ru>
See license on: http://txlib.ru

TXLib file:	C:\Libs\TxLib\TX\TXLib.h
Compiled:	Feb  6 2023 17:04:30, GNU g++ 4.8.1, std=201103L, MinGW Runtime 3.20, 32-bit, DEBUG
Started:	Feb 06 2023 17:04:35

Run file:	C:\Users\Игорь\Downloads\Game-on-C-main(1)\Game-on-C-main\Pixels and Guns\main.exe
Directory:	C:\Users\Игорь\Downloads\Game-on-C-main(1)\Game-on-C-main\Pixels and Guns

--------------------------------------------------

--------------------------------------------------
TXLib сообщает:

Программа: C:\Users\Игорь\Downloads\Game-on-C-main(1)\Game-on-C-main\Pixels and Guns\main.exe, файл: C:\Libs\TxLib\TX\TXLib.h, строка: 13678, функция: bool {anonymous}::TX::txTransparentBlt(HDC, double, double, double, double, HDC, double, double, COLORREF),

Сообщение: Прямоугольник копируемой области {490, 0, 560, 72} не полностью лежит внутри изображения-источника {0, 0, 490, 72}, функция txTransparentBlt() работать не будет.

#1: TXLib [Ver: 00173a, Rev: 171, Date: 2022-07-23 02:08:28 +0400], Instance: 0x005042FC (32-bit), Flags: CMdRe0, Thread: 0x26AC (Main), GetLastError(): 13 (Недопустимые данные). 
From: C:\Libs\TxLib\TX\TXLib.h (13677) bool {anonymous}::TX::txTransparentBlt(HDC, double, double, double, double, HDC, double, double, COLORREF).

--------------------------------------------------
Стек вызовов:

# 0 0x004228EC in C:\Users\Игорь\Downloads\Game-on-C-main(1)\Game-on-C-main\Pixels and Guns\main.exe: txTransparentBlt() at C:/Libs/TxLib/TX/TXLib.h (13678)

# 1 0x0042C0D0 in C:\Users\Игорь\Downloads\Game-on-C-main(1)\Game-on-C-main\Pixels and Guns\main.exe: main() at C:/Users/Игорь/Downloads/Game-on-C-main(1)/Game-on-C-main/Pixels and Guns/main.cpp (54):

     52:             {
     53:                     xGG += 10;
=>   54:                     txTransparentBlt (txDC(), xGG, yGG, 70, 72, GG_Run_Right, Run_GG*70, 0, TX_WHITE);
     55:                         Run_GG += 1;
     56:                         txSleep(40);

--------------------------------------------------
Стек вызовов TX:

# 0 in bool {anonymous}::TX::txTransparentBlt(HDC, double, double, double, double, HDC, double, double, COLORREF) at C:\Libs\TxLib\TX\TXLib.h (13677):

  13675:         {
  13676: $       SetLastError (ERROR_INVALID_DATA);
=>13677: $       TX_ERROR ("Прямоугольник копируемой области {%g, %g, %g, %g} не полностью лежит внутри изображения-источника {%d, %d, %d, %d}, "
  13678:                   "функция txTransparentBlt() работать не будет.", xSource, ySource, xSource + width, ySource + height, 0, 0, (int) size.x, (int) size.y);
  13679:         }

# 1 in int main() at C:\Users\Игорь\Downloads\Game-on-C-main(1)\Game-on-C-main\Pixels and Guns\main.cpp (54):

     52:             {
     53:                     xGG += 10;
=>   54:                     txTransparentBlt (txDC(), xGG, yGG, 70, 72, GG_Run_Right, Run_GG*70, 0, TX_WHITE);
     55:                         Run_GG += 1;
     56:                         txSleep(40);

--------------------------------------------------
Developed with:

The Dumb Artist Library (TX Library)
TXLib [Ver: 00173a, Rev: 171, Date: 2022-07-23 02:08:28 +0400]
Copyright (C) Ded (Ilya Dedinsky, http://txlib.ru) <mail@txlib.ru>
See license on: http://txlib.ru

TXLib file:	C:\Libs\TxLib\TX\TXLib.h
Compiled:	Feb  6 2023 17:05:13, GNU g++ 4.8.1, std=201103L, MinGW Runtime 3.20, 32-bit, DEBUG
Started:	Feb 06 2023 17:05:17

Run file:	C:\Users\Игорь\Downloads\Game-on-C-main(1)\Game-on-C-main\Pixels and Guns\main.exe
Directory:	C:\Users\Игорь\Downloads\Game-on-C-main(1)\Game-on-C-main\Pixels and Guns

--------------------------------------------------

--------------------------------------------------
TXLib сообщает:

Программа: C:\Users\Игорь\Downloads\Game-on-C-main(1)\Game-on-C-main\Pixels and Guns\main.exe, файл: C:\Libs\TxLib\TX\TXLib.h, строка: 13678, функция: bool {anonymous}::TX::txTransparentBlt(HDC, double, double, double, double, HDC, double, double, COLORREF),

Сообщение: Прямоугольник копируемой области {560, 0, 630, 72} не полностью лежит внутри изображения-источника {0, 0, 490, 72}, функция txTransparentBlt() работать не будет.

#2: TXLib [Ver: 00173a, Rev: 171, Date: 2022-07-23 02:08:28 +0400], Instance: 0x005042FC (32-bit), Flags: CMdRe0, Thread: 0x26AC (Main), GetLastError(): 13 (Недопустимые данные). 
From: C:\Libs\TxLib\TX\TXLib.h (13677) bool {anonymous}::TX::txTransparentBlt(HDC, double, double, double, double, HDC, double, double, COLORREF).

--------------------------------------------------
Стек вызовов:

# 0 0x004228EC in C:\Users\Игорь\Downloads\Game-on-C-main(1)\Game-on-C-main\Pixels and Guns\main.exe: txTransparentBlt() at C:/Libs/TxLib/TX/TXLib.h (13678)

# 1 0x0042C0D0 in C:\Users\Игорь\Downloads\Game-on-C-main(1)\Game-on-C-main\Pixels and Guns\main.exe: main() at C:/Users/Игорь/Downloads/Game-on-C-main(1)/Game-on-C-main/Pixels and Guns/main.cpp (54):

     52:             {
     53:                     xGG += 10;
=>   54:                     txTransparentBlt (txDC(), xGG, yGG, 70, 72, GG_Run_Right, Run_GG*70, 0, TX_WHITE);
     55:                         Run_GG += 1;
     56:                         txSleep(40);

--------------------------------------------------
Стек вызовов TX:

# 0 in bool {anonymous}::TX::txTransparentBlt(HDC, double, double, double, double, HDC, double, double, COLORREF) at C:\Libs\TxLib\TX\TXLib.h (13677):

  13675:         {
  13676: $       SetLastError (ERROR_INVALID_DATA);
=>13677: $       TX_ERROR ("Прямоугольник копируемой области {%g, %g, %g, %g} не полностью лежит внутри изображения-источника {%d, %d, %d, %d}, "
  13678:                   "функция txTransparentBlt() работать не будет.", xSource, ySource, xSource + width, ySource + height, 0, 0, (int) size.x, (int) size.y);
  13679:         }

# 1 in int main() at C:\Users\Игорь\Downloads\Game-on-C-main(1)\Game-on-C-main\Pixels and Guns\main.cpp (54):

     52:             {
     53:                     xGG += 10;
=>   54:                     txTransparentBlt (txDC(), xGG, yGG, 70, 72, GG_Run_Right, Run_GG*70, 0, TX_WHITE);
     55:                         Run_GG += 1;
     56:                         txSleep(40);

--------------------------------------------------
Developed with:

The Dumb Artist Library (TX Library)
TXLib [Ver: 00173a, Rev: 171, Date: 2022-07-23 02:08:28 +0400]
Copyright (C) Ded (Ilya Dedinsky, http://txlib.ru) <mail@txlib.ru>
See license on: http://txlib.ru

TXLib file:	C:\Libs\TxLib\TX\TXLib.h
Compiled:	Feb  6 2023 17:05:13, GNU g++ 4.8.1, std=201103L, MinGW Runtime 3.20, 32-bit, DEBUG
Started:	Feb 06 2023 17:05:18

Run file:	C:\Users\Игорь\Downloads\Game-on-C-main(1)\Game-on-C-main\Pixels and Guns\main.exe
Directory:	C:\Users\Игорь\Downloads\Game-on-C-main(1)\Game-on-C-main\Pixels and Guns

--------------------------------------------------

--------------------------------------------------
TXLib сообщает:

Программа: C:\Users\Игорь\Downloads\Game-on-C-main(1)\Game-on-C-main\Pixels and Guns\main.exe, файл: C:\Libs\TxLib\TX\TXLib.h, строка: 13678, функция: bool {anonymous}::TX::txTransparentBlt(HDC, double, double, double, double, HDC, double, double, COLORREF),

Сообщение: Прямоугольник копируемой области {490, 0, 560, 72} не полностью лежит внутри изображения-источника {0, 0, 490, 72}, функция txTransparentBlt() работать не будет.

#1: TXLib [Ver: 00173a, Rev: 171, Date: 2022-07-23 02:08:28 +0400], Instance: 0x005042FC (32-bit), Flags: CMdRe0, Thread: 0x1DA4 (Main), GetLastError(): 13 (Недопустимые данные). 
From: C:\Libs\TxLib\TX\TXLib.h (13677) bool {anonymous}::TX::txTransparentBlt(HDC, double, double, double, double, HDC, double, double, COLORREF).

--------------------------------------------------
Стек вызовов:

# 0 0x004228EC in C:\Users\Игорь\Downloads\Game-on-C-main(1)\Game-on-C-main\Pixels and Guns\main.exe: txTransparentBlt() at C:/Libs/TxLib/TX/TXLib.h (13678)

# 1 0x0042C0D0 in C:\Users\Игорь\Downloads\Game-on-C-main(1)\Game-on-C-main\Pixels and Guns\main.exe: main() at C:/Users/Игорь/Downloads/Game-on-C-main(1)/Game-on-C-main/Pixels and Guns/main.cpp (54):

     52:             {
     53:                     xGG += 10;
=>   54:                     txTransparentBlt (txDC(), xGG, yGG, 70, 72, GG_Run_Right, Run_GG*70, 0, TX_WHITE);
     55:                         Run_GG += 1;
     56:                         txSleep(40);

--------------------------------------------------
Стек вызовов TX:

# 0 in bool {anonymous}::TX::txTransparentBlt(HDC, double, double, double, double, HDC, double, double, COLORREF) at C:\Libs\TxLib\TX\TXLib.h (13677):

  13675:         {
  13676: $       SetLastError (ERROR_INVALID_DATA);
=>13677: $       TX_ERROR ("Прямоугольник копируемой области {%g, %g, %g, %g} не полностью лежит внутри изображения-источника {%d, %d, %d, %d}, "
  13678:                   "функция txTransparentBlt() работать не будет.", xSource, ySource, xSource + width, ySource + height, 0, 0, (int) size.x, (int) size.y);
  13679:         }

# 1 in int main() at C:\Users\Игорь\Downloads\Game-on-C-main(1)\Game-on-C-main\Pixels and Guns\main.cpp (54):

     52:             {
     53:                     xGG += 10;
=>   54:                     txTransparentBlt (txDC(), xGG, yGG, 70, 72, GG_Run_Right, Run_GG*70, 0, TX_WHITE);
     55:                         Run_GG += 1;
     56:                         txSleep(40);

--------------------------------------------------
Developed with:

The Dumb Artist Library (TX Library)
TXLib [Ver: 00173a, Rev: 171, Date: 2022-07-23 02:08:28 +0400]
Copyright (C) Ded (Ilya Dedinsky, http://txlib.ru) <mail@txlib.ru>
See license on: http://txlib.ru

TXLib file:	C:\Libs\TxLib\TX\TXLib.h
Compiled:	Feb  6 2023 17:06:09, GNU g++ 4.8.1, std=201103L, MinGW Runtime 3.20, 32-bit, DEBUG
Started:	Feb 06 2023 17:06:14

Run file:	C:\Users\Игорь\Downloads\Game-on-C-main(1)\Game-on-C-main\Pixels and Guns\main.exe
Directory:	C:\Users\Игорь\Downloads\Game-on-C-main(1)\Game-on-C-main\Pixels and Guns

--------------------------------------------------
