
--------------------------------------------------
TXLib сообщает:

Программа: C:\Users\user\Downloads\Game-on-C-main\Game-on-C-main\Pixels and Guns\bin\Release\Pixels and Guns.exe, файл: c:\codeblocks\codeblocks\mingw\include\txlib.h, строка: 13678, функция: bool {anonymous}::TX::txTransparentBlt(HDC, double, double, double, double, HDC, double, double, COLORREF),

Сообщение: Прямоугольник копируемой области {210, 0, 280, 72} не полностью лежит внутри изображения-источника {0, 0, 210, 72}, функция txTransparentBlt() работать не будет.

#1: TXLib [Ver: 00173a, Rev: 171, Date: 2022-07-23 02:08:28 +0400], Instance: 0x0050F56C (32-bit), Flags: CMdRe0, Thread: 0x10E0 (Main), GetLastError(): 13 (Недопустимые данные). 

--------------------------------------------------
Стек вызовов:

# 3 0x77877BBE in C:\Windows\SYSTEM32\ntdll.dll: RtlGetAppContainerNamedObjectPath()
# 4 0x77877B8E in C:\Windows\SYSTEM32\ntdll.dll: RtlGetAppContainerNamedObjectPath()

--------------------------------------------------
Developed with:

The Dumb Artist Library (TX Library)
TXLib [Ver: 00173a, Rev: 171, Date: 2022-07-23 02:08:28 +0400]
Copyright (C) Ded (Ilya Dedinsky, http://txlib.ru) <mail@txlib.ru>
See license on: http://txlib.ru

TXLib file:	c:\codeblocks\codeblocks\mingw\include\txlib.h
Compiled:	Feb 10 2023 16:41:31, GNU g++ 4.8.1, std=201103L, MinGW Runtime 3.20, 32-bit, Debug
Started:	Feb 10 2023 16:41:59

Run file:	C:\Users\user\Downloads\Game-on-C-main\Game-on-C-main\Pixels and Guns\bin\Release\Pixels and Guns.exe
Directory:	C:\Users\user\Downloads\Game-on-C-main\Game-on-C-main\Pixels and Guns

--------------------------------------------------

--------------------------------------------------
TXLib сообщает:

Программа: C:\Users\user\Downloads\Game-on-C-main\Game-on-C-main\Pixels and Guns\bin\Release\Pixels and Guns.exe, файл: c:\codeblocks\codeblocks\mingw\include\txlib.h, строка: 13678, функция: bool {anonymous}::TX::txTransparentBlt(HDC, double, double, double, double, HDC, double, double, COLORREF),

Сообщение: Прямоугольник копируемой области {53, 0, 906, 522} не полностью лежит внутри изображения-источника {0, 0, 212, 72}, функция txTransparentBlt() работать не будет.

#1: TXLib [Ver: 00173a, Rev: 171, Date: 2022-07-23 02:08:28 +0400], Instance: 0x0050F56C (32-bit), Flags: CMdRe0, Thread: 0x28B0 (Main), GetLastError(): 13 (Недопустимые данные). 

--------------------------------------------------
Стек вызовов:

# 3 0x77877BBE in C:\Windows\SYSTEM32\ntdll.dll: RtlGetAppContainerNamedObjectPath()
# 4 0x77877B8E in C:\Windows\SYSTEM32\ntdll.dll: RtlGetAppContainerNamedObjectPath()

--------------------------------------------------
Developed with:

The Dumb Artist Library (TX Library)
TXLib [Ver: 00173a, Rev: 171, Date: 2022-07-23 02:08:28 +0400]
Copyright (C) Ded (Ilya Dedinsky, http://txlib.ru) <mail@txlib.ru>
See license on: http://txlib.ru

TXLib file:	c:\codeblocks\codeblocks\mingw\include\txlib.h
Compiled:	Feb 10 2023 16:45:52, GNU g++ 4.8.1, std=201103L, MinGW Runtime 3.20, 32-bit, Debug
Started:	Feb 10 2023 16:46:19

Run file:	C:\Users\user\Downloads\Game-on-C-main\Game-on-C-main\Pixels and Guns\bin\Release\Pixels and Guns.exe
Directory:	C:\Users\user\Downloads\Game-on-C-main\Game-on-C-main\Pixels and Guns

--------------------------------------------------

--------------------------------------------------
TXLib сообщает:

Программа: C:\Users\user\Downloads\Game-on-C-main\Game-on-C-main\Pixels and Guns\bin\Release\Pixels and Guns.exe, файл: c:\codeblocks\codeblocks\mingw\include\txlib.h, строка: 13678, функция: bool {anonymous}::TX::txTransparentBlt(HDC, double, double, double, double, HDC, double, double, COLORREF),

Сообщение: Прямоугольник копируемой области {853, 0, 1706, 522} не полностью лежит внутри изображения-источника {0, 0, 212, 72}, функция txTransparentBlt() работать не будет.

#1: TXLib [Ver: 00173a, Rev: 171, Date: 2022-07-23 02:08:28 +0400], Instance: 0x0050F56C (32-bit), Flags: CMdRe0, Thread: 0x2C18 (Main), GetLastError(): 13 (Недопустимые данные). 

--------------------------------------------------
Стек вызовов:

# 3 0x77877BBE in C:\Windows\SYSTEM32\ntdll.dll: RtlGetAppContainerNamedObjectPath()
# 4 0x77877B8E in C:\Windows\SYSTEM32\ntdll.dll: RtlGetAppContainerNamedObjectPath()

--------------------------------------------------
Developed with:

The Dumb Artist Library (TX Library)
TXLib [Ver: 00173a, Rev: 171, Date: 2022-07-23 02:08:28 +0400]
Copyright (C) Ded (Ilya Dedinsky, http://txlib.ru) <mail@txlib.ru>
See license on: http://txlib.ru

TXLib file:	c:\codeblocks\codeblocks\mingw\include\txlib.h
Compiled:	Feb 10 2023 16:47:02, GNU g++ 4.8.1, std=201103L, MinGW Runtime 3.20, 32-bit, Debug
Started:	Feb 10 2023 16:47:29

Run file:	C:\Users\user\Downloads\Game-on-C-main\Game-on-C-main\Pixels and Guns\bin\Release\Pixels and Guns.exe
Directory:	C:\Users\user\Downloads\Game-on-C-main\Game-on-C-main\Pixels and Guns

--------------------------------------------------

--------------------------------------------------
TXLib сообщает:

Программа: C:\Users\user\Downloads\Game-on-C-main\Game-on-C-main\Pixels and Guns\bin\Release\Pixels and Guns.exe, файл: c:\codeblocks\codeblocks\mingw\include\txlib.h, строка: 13678, функция: bool {anonymous}::TX::txTransparentBlt(HDC, double, double, double, double, HDC, double, double, COLORREF),

Сообщение: Прямоугольник копируемой области {210, 0, 280, 72} не полностью лежит внутри изображения-источника {0, 0, 210, 72}, функция txTransparentBlt() работать не будет.

#1: TXLib [Ver: 00173a, Rev: 171, Date: 2022-07-23 02:08:28 +0400], Instance: 0x0050F56C (32-bit), Flags: CMdRe0, Thread: 0x2608 (Main), GetLastError(): 13 (Недопустимые данные). 

--------------------------------------------------
Стек вызовов:

# 3 0x77877BBE in C:\Windows\SYSTEM32\ntdll.dll: RtlGetAppContainerNamedObjectPath()
# 4 0x77877B8E in C:\Windows\SYSTEM32\ntdll.dll: RtlGetAppContainerNamedObjectPath()

--------------------------------------------------
Developed with:

The Dumb Artist Library (TX Library)
TXLib [Ver: 00173a, Rev: 171, Date: 2022-07-23 02:08:28 +0400]
Copyright (C) Ded (Ilya Dedinsky, http://txlib.ru) <mail@txlib.ru>
See license on: http://txlib.ru

TXLib file:	c:\codeblocks\codeblocks\mingw\include\txlib.h
Compiled:	Feb 10 2023 17:24:49, GNU g++ 4.8.1, std=201103L, MinGW Runtime 3.20, 32-bit, Debug
Started:	Feb 10 2023 17:25:17

Run file:	C:\Users\user\Downloads\Game-on-C-main\Game-on-C-main\Pixels and Guns\bin\Release\Pixels and Guns.exe
Directory:	C:\Users\user\Downloads\Game-on-C-main\Game-on-C-main\Pixels and Guns

--------------------------------------------------

--------------------------------------------------
TXLib сообщает:

Программа: C:\Users\user\Downloads\Game-on-C-main\Game-on-C-main\Pixels and Guns\bin\Release\Pixels and Guns.exe, файл: c:\codeblocks\codeblocks\mingw\include\txlib.h, строка: 13678, функция: bool {anonymous}::TX::txTransparentBlt(HDC, double, double, double, double, HDC, double, double, COLORREF),

Сообщение: Прямоугольник копируемой области {210, 0, 280, 72} не полностью лежит внутри изображения-источника {0, 0, 210, 72}, функция txTransparentBlt() работать не будет.

#1: TXLib [Ver: 00173a, Rev: 171, Date: 2022-07-23 02:08:28 +0400], Instance: 0x0050F56C (32-bit), Flags: CMdRe0, Thread: 0x2EBC (Main), GetLastError(): 13 (Недопустимые данные). 

--------------------------------------------------
Стек вызовов:

# 3 0x77877BBE in C:\Windows\SYSTEM32\ntdll.dll: RtlGetAppContainerNamedObjectPath()
# 4 0x77877B8E in C:\Windows\SYSTEM32\ntdll.dll: RtlGetAppContainerNamedObjectPath()

--------------------------------------------------
Developed with:

The Dumb Artist Library (TX Library)
TXLib [Ver: 00173a, Rev: 171, Date: 2022-07-23 02:08:28 +0400]
Copyright (C) Ded (Ilya Dedinsky, http://txlib.ru) <mail@txlib.ru>
See license on: http://txlib.ru

TXLib file:	c:\codeblocks\codeblocks\mingw\include\txlib.h
Compiled:	Feb 10 2023 17:24:49, GNU g++ 4.8.1, std=201103L, MinGW Runtime 3.20, 32-bit, Debug
Started:	Feb 10 2023 17:25:55

Run file:	C:\Users\user\Downloads\Game-on-C-main\Game-on-C-main\Pixels and Guns\bin\Release\Pixels and Guns.exe
Directory:	C:\Users\user\Downloads\Game-on-C-main\Game-on-C-main\Pixels and Guns

--------------------------------------------------
